TN:
SF:02-ratelimitter.js
FNF:0
FNH:0
DA:1,1
DA:2,1
DA:3,1
DA:4,1
DA:5,1
DA:6,1
DA:7,1
DA:8,1
DA:9,1
DA:10,1
DA:11,1
DA:12,1
DA:13,1
DA:14,1
DA:15,1
DA:16,2
DA:17,1
DA:18,1
DA:19,1
DA:20,13
DA:21,13
DA:22,13
DA:23,0
DA:24,0
DA:25,13
DA:26,13
DA:27,13
DA:28,13
DA:29,13
DA:30,13
DA:31,7
DA:32,7
DA:33,6
DA:34,6
DA:35,1
DA:36,1
DA:37,1
DA:38,6
DA:39,1
DA:40,1
DA:41,1
DA:42,0
DA:43,1
DA:44,1
DA:45,1
LF:45
LH:42
BRDA:15,0,0,2
BRDA:19,1,0,13
BRDA:22,2,0,0
BRDA:26,3,0,2
BRDA:30,4,0,7
BRDA:32,5,0,6
BRDA:37,6,0,6
BRF:7
BRH:6
end_of_record
